{
  "/Users/irumva/andela/eagles-ec-be/src/config/dbConnection.ts": {
    "path": "/Users/irumva/andela/eagles-ec-be/src/config/dbConnection.ts",
    "statementMap": {
      "0": {
        "start": { "line": 1, "column": 0 },
        "end": { "line": 1, "column": 37 }
      },
      "1": {
        "start": { "line": 2, "column": 0 },
        "end": { "line": 2, "column": 34 }
      },
      "2": {
        "start": { "line": 4, "column": 18 },
        "end": { "line": 4, "column": 43 }
      },
      "3": {
        "start": { "line": 6, "column": 23 },
        "end": { "line": 14, "column": null }
      },
      "4": {
        "start": { "line": 6, "column": 34 },
        "end": { "line": 14, "column": null }
      },
      "5": {
        "start": { "line": 7, "column": 2 },
        "end": { "line": 13, "column": 3 }
      },
      "6": {
        "start": { "line": 8, "column": 4 },
        "end": { "line": 8, "column": null }
      },
      "7": {
        "start": { "line": 9, "column": 4 },
        "end": { "line": 9, "column": null }
      },
      "8": {
        "start": { "line": 11, "column": 4 },
        "end": { "line": 11, "column": null }
      },
      "9": {
        "start": { "line": 12, "column": 4 },
        "end": { "line": 12, "column": 10 }
      },
      "10": {
        "start": { "line": 6, "column": 13 },
        "end": { "line": 6, "column": 23 }
      },
      "11": {
        "start": { "line": 16, "column": 0 },
        "end": { "line": 16, "column": null }
      }
    },
    "fnMap": {
      "0": {
        "name": "(anonymous_7)",
        "decl": {
          "start": { "line": 6, "column": 23 },
          "end": { "line": 6, "column": 32 }
        },
        "loc": {
          "start": { "line": 6, "column": 34 },
          "end": { "line": 14, "column": null }
        }
      },
      "1": {
        "name": "(anonymous_8)",
        "decl": {
          "start": { "line": 6, "column": 34 },
          "end": { "line": 6, "column": null }
        },
        "loc": {
          "start": { "line": 6, "column": 34 },
          "end": { "line": 14, "column": 1 }
        }
      }
    },
    "branchMap": {},
    "s": {
      "0": 2,
      "1": 2,
      "2": 2,
      "3": 2,
      "4": 0,
      "5": 0,
      "6": 0,
      "7": 0,
      "8": 0,
      "9": 0,
      "10": 2,
      "11": 2
    },
    "f": { "0": 0, "1": 0 },
    "b": {}
  },
  "/Users/irumva/andela/eagles-ec-be/src/config/testDbConfig.ts": {
    "path": "/Users/irumva/andela/eagles-ec-be/src/config/testDbConfig.ts",
    "statementMap": {
      "0": {
        "start": { "line": 1, "column": 0 },
        "end": { "line": 1, "column": 38 }
      },
      "1": {
        "start": { "line": 2, "column": 0 },
        "end": { "line": 2, "column": 35 }
      },
      "2": {
        "start": { "line": 4, "column": 13 },
        "end": { "line": 4, "column": 55 }
      },
      "3": {
        "start": { "line": 5, "column": 32 },
        "end": { "line": 11, "column": 2 }
      },
      "4": {
        "start": { "line": 5, "column": 43 },
        "end": { "line": 11, "column": 2 }
      },
      "5": {
        "start": { "line": 6, "column": 2 },
        "end": { "line": 10, "column": 3 }
      },
      "6": {
        "start": { "line": 7, "column": 4 },
        "end": { "line": 7, "column": 39 }
      },
      "7": {
        "start": { "line": 9, "column": 4 },
        "end": { "line": 9, "column": 26 }
      },
      "8": {
        "start": { "line": 5, "column": 13 },
        "end": { "line": 5, "column": 32 }
      }
    },
    "fnMap": {
      "0": {
        "name": "(anonymous_7)",
        "decl": {
          "start": { "line": 5, "column": 32 },
          "end": { "line": 5, "column": 41 }
        },
        "loc": {
          "start": { "line": 5, "column": 43 },
          "end": { "line": 11, "column": 2 }
        }
      },
      "1": {
        "name": "(anonymous_8)",
        "decl": {
          "start": { "line": 5, "column": 43 },
          "end": { "line": 5, "column": null }
        },
        "loc": {
          "start": { "line": 5, "column": 43 },
          "end": { "line": 11, "column": 1 }
        }
      }
    },
    "branchMap": {},
    "s": {
      "0": 2,
      "1": 2,
      "2": 2,
      "3": 2,
      "4": 2,
      "5": 2,
      "6": 2,
      "7": 0,
      "8": 2
    },
    "f": { "0": 2, "1": 2 },
    "b": {}
  },
  "/Users/irumva/andela/eagles-ec-be/src/controllers/userControllers.ts": {
    "path": "/Users/irumva/andela/eagles-ec-be/src/controllers/userControllers.ts",
    "statementMap": {
      "0": {
        "start": { "line": 2, "column": 0 },
        "end": { "line": 2, "column": 56 }
      },
      "1": {
        "start": { "line": 4, "column": 29 },
        "end": { "line": 27, "column": 2 }
      },
      "2": {
        "start": { "line": 4, "column": 67 },
        "end": { "line": 27, "column": 2 }
      },
      "3": {
        "start": { "line": 5, "column": 2 },
        "end": { "line": 26, "column": 3 }
      },
      "4": {
        "start": { "line": 8, "column": 18 },
        "end": { "line": 8, "column": 49 }
      },
      "5": {
        "start": { "line": 10, "column": 4 },
        "end": { "line": 20, "column": 5 }
      },
      "6": {
        "start": { "line": 11, "column": 6 },
        "end": { "line": 13, "column": 9 }
      },
      "7": {
        "start": { "line": 15, "column": 6 },
        "end": { "line": 19, "column": 9 }
      },
      "8": {
        "start": { "line": 22, "column": 4 },
        "end": { "line": 25, "column": 7 }
      },
      "9": {
        "start": { "line": 4, "column": 13 },
        "end": { "line": 4, "column": 29 }
      }
    },
    "fnMap": {
      "0": {
        "name": "(anonymous_13)",
        "decl": {
          "start": { "line": 4, "column": 29 },
          "end": { "line": 4, "column": 36 }
        },
        "loc": {
          "start": { "line": 4, "column": 67 },
          "end": { "line": 27, "column": 2 }
        }
      },
      "1": {
        "name": "(anonymous_14)",
        "decl": {
          "start": { "line": 4, "column": 67 },
          "end": { "line": 4, "column": null }
        },
        "loc": {
          "start": { "line": 4, "column": 67 },
          "end": { "line": 27, "column": 1 }
        }
      }
    },
    "branchMap": {
      "0": {
        "loc": {
          "start": { "line": 10, "column": 4 },
          "end": { "line": 20, "column": 5 }
        },
        "type": "if",
        "locations": [
          {
            "start": { "line": 10, "column": 4 },
            "end": { "line": 20, "column": 5 }
          },
          {
            "start": { "line": 14, "column": 11 },
            "end": { "line": 20, "column": 5 }
          }
        ]
      }
    },
    "s": {
      "0": 2,
      "1": 2,
      "2": 1,
      "3": 1,
      "4": 1,
      "5": 1,
      "6": 1,
      "7": 0,
      "8": 0,
      "9": 2
    },
    "f": { "0": 1, "1": 1 },
    "b": { "0": [1, 0] }
  },
  "/Users/irumva/andela/eagles-ec-be/src/routes/homeRoutes.ts": {
    "path": "/Users/irumva/andela/eagles-ec-be/src/routes/homeRoutes.ts",
    "statementMap": {
      "0": {
        "start": { "line": 1, "column": 0 },
        "end": { "line": 1, "column": 52 }
      },
      "1": {
        "start": { "line": 3, "column": 18 },
        "end": { "line": 3, "column": 26 }
      },
      "2": {
        "start": { "line": 5, "column": 0 },
        "end": { "line": 16, "column": 3 }
      },
      "3": {
        "start": { "line": 6, "column": 2 },
        "end": { "line": 15, "column": 3 }
      },
      "4": {
        "start": { "line": 7, "column": 4 },
        "end": { "line": 9, "column": 7 }
      },
      "5": {
        "start": { "line": 11, "column": 4 },
        "end": { "line": 14, "column": 7 }
      },
      "6": {
        "start": { "line": 18, "column": 0 },
        "end": { "line": 18, "column": 25 }
      }
    },
    "fnMap": {
      "0": {
        "name": "(anonymous_0)",
        "decl": {
          "start": { "line": 5, "column": 19 },
          "end": { "line": 5, "column": 20 }
        },
        "loc": {
          "start": { "line": 5, "column": 51 },
          "end": { "line": 16, "column": 1 }
        }
      }
    },
    "branchMap": {},
    "s": { "0": 2, "1": 2, "2": 2, "3": 1, "4": 1, "5": 0, "6": 2 },
    "f": { "0": 1 },
    "b": {}
  },
  "/Users/irumva/andela/eagles-ec-be/src/routes/index.ts": {
    "path": "/Users/irumva/andela/eagles-ec-be/src/routes/index.ts",
    "statementMap": {
      "0": {
        "start": { "line": 1, "column": 0 },
        "end": { "line": 1, "column": 51 }
      },
      "1": {
        "start": { "line": 2, "column": 0 },
        "end": { "line": 2, "column": 37 }
      },
      "2": {
        "start": { "line": 4, "column": 18 },
        "end": { "line": 4, "column": 26 }
      },
      "3": {
        "start": { "line": 5, "column": 0 },
        "end": { "line": 5, "column": null }
      },
      "4": {
        "start": { "line": 7, "column": 0 },
        "end": { "line": 7, "column": null }
      }
    },
    "fnMap": {},
    "branchMap": {},
    "s": { "0": 2, "1": 2, "2": 2, "3": 2, "4": 2 },
    "f": {},
    "b": {}
  },
  "/Users/irumva/andela/eagles-ec-be/src/routes/userRoutes.ts": {
    "path": "/Users/irumva/andela/eagles-ec-be/src/routes/userRoutes.ts",
    "statementMap": {
      "0": {
        "start": { "line": 1, "column": 0 },
        "end": { "line": 1, "column": 33 }
      },
      "1": {
        "start": { "line": 2, "column": 0 },
        "end": { "line": 2, "column": 63 }
      },
      "2": {
        "start": { "line": 4, "column": 19 },
        "end": { "line": 4, "column": 27 }
      },
      "3": {
        "start": { "line": 6, "column": 0 },
        "end": { "line": 6, "column": 35 }
      },
      "4": {
        "start": { "line": 8, "column": 0 },
        "end": { "line": 8, "column": 26 }
      }
    },
    "fnMap": {},
    "branchMap": {},
    "s": { "0": 2, "1": 2, "2": 2, "3": 2, "4": 2 },
    "f": {},
    "b": {}
  },
  "/Users/irumva/andela/eagles-ec-be/src/sequelize/models/user.ts": {
    "path": "/Users/irumva/andela/eagles-ec-be/src/sequelize/models/user.ts",
    "statementMap": {
      "0": {
        "start": { "line": 1, "column": 0 },
        "end": { "line": 1, "column": 38 }
      },
      "1": {
        "start": { "line": 2, "column": 0 },
        "end": { "line": 2, "column": 50 }
      },
      "2": {
        "start": { "line": 4, "column": 13 },
        "end": { "line": 24, "column": 2 }
      },
      "3": {
        "start": { "line": 26, "column": 0 },
        "end": { "line": 26, "column": 20 }
      }
    },
    "fnMap": {},
    "branchMap": {},
    "s": { "0": 2, "1": 2, "2": 2, "3": 2 },
    "f": {},
    "b": {}
  },
  "/Users/irumva/andela/eagles-ec-be/src/services/user.service.ts": {
    "path": "/Users/irumva/andela/eagles-ec-be/src/services/user.service.ts",
    "statementMap": {
      "0": {
        "start": { "line": 2, "column": 0 },
        "end": { "line": 2, "column": 44 }
      },
      "1": {
        "start": { "line": 4, "column": 27 },
        "end": { "line": 15, "column": 2 }
      },
      "2": {
        "start": { "line": 4, "column": 38 },
        "end": { "line": 15, "column": 2 }
      },
      "3": {
        "start": { "line": 5, "column": 2 },
        "end": { "line": 14, "column": 3 }
      },
      "4": {
        "start": { "line": 6, "column": 18 },
        "end": { "line": 6, "column": 38 }
      },
      "5": {
        "start": { "line": 7, "column": 4 },
        "end": { "line": 9, "column": 5 }
      },
      "6": {
        "start": { "line": 8, "column": 6 },
        "end": { "line": 8, "column": 29 }
      },
      "7": {
        "start": { "line": 10, "column": 4 },
        "end": { "line": 10, "column": 17 }
      },
      "8": {
        "start": { "line": 12, "column": 4 },
        "end": { "line": 12, "column": 31 }
      },
      "9": {
        "start": { "line": 13, "column": 4 },
        "end": { "line": 13, "column": 35 }
      },
      "10": {
        "start": { "line": 4, "column": 13 },
        "end": { "line": 4, "column": 27 }
      }
    },
    "fnMap": {
      "0": {
        "name": "(anonymous_8)",
        "decl": {
          "start": { "line": 4, "column": 27 },
          "end": { "line": 4, "column": 36 }
        },
        "loc": {
          "start": { "line": 4, "column": 38 },
          "end": { "line": 15, "column": 2 }
        }
      },
      "1": {
        "name": "(anonymous_9)",
        "decl": {
          "start": { "line": 4, "column": 38 },
          "end": { "line": 4, "column": null }
        },
        "loc": {
          "start": { "line": 4, "column": 38 },
          "end": { "line": 15, "column": 1 }
        }
      }
    },
    "branchMap": {
      "0": {
        "loc": {
          "start": { "line": 7, "column": 4 },
          "end": { "line": 9, "column": 5 }
        },
        "type": "if",
        "locations": [
          {
            "start": { "line": 7, "column": 4 },
            "end": { "line": 9, "column": 5 }
          }
        ]
      }
    },
    "s": {
      "0": 2,
      "1": 2,
      "2": 1,
      "3": 1,
      "4": 1,
      "5": 1,
      "6": 1,
      "7": 1,
      "8": 0,
      "9": 0,
      "10": 2
    },
    "f": { "0": 1, "1": 1 },
    "b": { "0": [1] }
  },
  "/Users/irumva/andela/eagles-ec-be/src/utils/env.ts": {
    "path": "/Users/irumva/andela/eagles-ec-be/src/utils/env.ts",
    "statementMap": {
      "0": {
        "start": { "line": 1, "column": 0 },
        "end": { "line": 1, "column": 28 }
      },
      "1": {
        "start": { "line": 2, "column": 0 },
        "end": { "line": 2, "column": 16 }
      },
      "2": {
        "start": { "line": 4, "column": 13 },
        "end": { "line": 7, "column": 2 }
      }
    },
    "fnMap": {},
    "branchMap": {
      "0": {
        "loc": {
          "start": { "line": 5, "column": 8 },
          "end": { "line": 5, "column": 32 }
        },
        "type": "binary-expr",
        "locations": [
          {
            "start": { "line": 5, "column": 8 },
            "end": { "line": 5, "column": 24 }
          },
          {
            "start": { "line": 5, "column": 28 },
            "end": { "line": 5, "column": 32 }
          }
        ]
      }
    },
    "s": { "0": 2, "1": 2, "2": 2 },
    "f": {},
    "b": { "0": [2, 0] }
  },
  "/Users/irumva/andela/eagles-ec-be/src/utils/server.ts": {
    "path": "/Users/irumva/andela/eagles-ec-be/src/utils/server.ts",
    "statementMap": {
      "0": {
        "start": { "line": 1, "column": 0 },
        "end": { "line": 1, "column": 30 }
      },
      "1": {
        "start": { "line": 2, "column": 0 },
        "end": { "line": 2, "column": 24 }
      },
      "2": {
        "start": { "line": 3, "column": 0 },
        "end": { "line": 3, "column": 34 }
      },
      "3": {
        "start": { "line": 4, "column": 0 },
        "end": { "line": 4, "column": 45 }
      },
      "4": {
        "start": { "line": 6, "column": 12 },
        "end": { "line": 6, "column": 21 }
      },
      "5": {
        "start": { "line": 8, "column": 0 },
        "end": { "line": 8, "column": 24 }
      },
      "6": {
        "start": { "line": 9, "column": 0 },
        "end": { "line": 9, "column": 48 }
      },
      "7": {
        "start": { "line": 11, "column": 0 },
        "end": { "line": 11, "column": 16 }
      },
      "8": {
        "start": { "line": 13, "column": 0 },
        "end": { "line": 13, "column": 24 }
      },
      "9": {
        "start": { "line": 14, "column": 0 },
        "end": { "line": 14, "column": 30 }
      },
      "10": {
        "start": { "line": 16, "column": 0 },
        "end": { "line": 16, "column": 19 }
      }
    },
    "fnMap": {},
    "branchMap": {},
    "s": {
      "0": 2,
      "1": 2,
      "2": 2,
      "3": 2,
      "4": 2,
      "5": 2,
      "6": 2,
      "7": 2,
      "8": 2,
      "9": 2,
      "10": 2
    },
    "f": {},
    "b": {}
  }
}
