{"C:\\Users\\niyon\\Desktop\\eagles-ec-be-1\\src\\types.ts": {"path":"C:\\Users\\niyon\\Desktop\\eagles-ec-be-1\\src\\types.ts","statementMap":{"0":{"start":{"line":12,"column":0},"end":{"line":12,"column":null}},"1":{"start":{"line":13,"column":2},"end":{"line":13,"column":null}},"2":{"start":{"line":14,"column":2},"end":{"line":14,"column":null}},"3":{"start":{"line":15,"column":2},"end":{"line":15,"column":null}},"4":{"start":{"line":16,"column":2},"end":{"line":16,"column":null}},"5":{"start":{"line":19,"column":0},"end":{"line":19,"column":null}},"6":{"start":{"line":20,"column":2},"end":{"line":20,"column":null}},"7":{"start":{"line":21,"column":2},"end":{"line":21,"column":null}},"8":{"start":{"line":22,"column":2},"end":{"line":22,"column":null}}},"fnMap":{"0":{"name":"(anonymous_0)","decl":{"start":{"line":12,"column":0},"end":{"line":12,"column":12}},"loc":{"start":{"line":12,"column":20},"end":{"line":17,"column":1}}},"1":{"name":"(anonymous_1)","decl":{"start":{"line":19,"column":0},"end":{"line":19,"column":12}},"loc":{"start":{"line":19,"column":18},"end":{"line":23,"column":1}}}},"branchMap":{"0":{"loc":{"start":{"line":12,"column":12},"end":{"line":12,"column":null}},"type":"binary-expr","locations":[{"start":{"line":12,"column":12},"end":{"line":12,"column":20}},{"start":{"line":12,"column":20},"end":{"line":12,"column":null}}]},"1":{"loc":{"start":{"line":19,"column":12},"end":{"line":19,"column":null}},"type":"binary-expr","locations":[{"start":{"line":19,"column":12},"end":{"line":19,"column":18}},{"start":{"line":19,"column":18},"end":{"line":19,"column":null}}]}},"s":{"0":2,"1":2,"2":2,"3":2,"4":2,"5":2,"6":2,"7":2,"8":2},"f":{"0":2,"1":2},"b":{"0":[2,2],"1":[2,2]}}
,"C:\\Users\\niyon\\Desktop\\eagles-ec-be-1\\src\\config\\dbConnection.ts": {"path":"C:\\Users\\niyon\\Desktop\\eagles-ec-be-1\\src\\config\\dbConnection.ts","statementMap":{"0":{"start":{"line":1,"column":0},"end":{"line":1,"column":38}},"1":{"start":{"line":2,"column":0},"end":{"line":2,"column":35}},"2":{"start":{"line":4,"column":13},"end":{"line":4,"column":33}},"3":{"start":{"line":6,"column":18},"end":{"line":8,"column":2}},"4":{"start":{"line":10,"column":23},"end":{"line":18,"column":2}},"5":{"start":{"line":10,"column":34},"end":{"line":18,"column":2}},"6":{"start":{"line":11,"column":2},"end":{"line":17,"column":3}},"7":{"start":{"line":12,"column":4},"end":{"line":12,"column":35}},"8":{"start":{"line":13,"column":4},"end":{"line":13,"column":49}},"9":{"start":{"line":15,"column":4},"end":{"line":15,"column":42}},"10":{"start":{"line":16,"column":4},"end":{"line":16,"column":11}},"11":{"start":{"line":10,"column":13},"end":{"line":10,"column":23}},"12":{"start":{"line":20,"column":0},"end":{"line":20,"column":25}}},"fnMap":{"0":{"name":"(anonymous_7)","decl":{"start":{"line":10,"column":23},"end":{"line":10,"column":32}},"loc":{"start":{"line":10,"column":34},"end":{"line":18,"column":2}}},"1":{"name":"(anonymous_8)","decl":{"start":{"line":10,"column":34},"end":{"line":10,"column":null}},"loc":{"start":{"line":10,"column":34},"end":{"line":18,"column":1}}}},"branchMap":{"0":{"loc":{"start":{"line":6,"column":32},"end":{"line":6,"column":78}},"type":"cond-expr","locations":[{"start":{"line":6,"column":50},"end":{"line":6,"column":65}},{"start":{"line":6,"column":68},"end":{"line":6,"column":78}}]}},"s":{"0":2,"1":2,"2":2,"3":2,"4":2,"5":2,"6":2,"7":2,"8":2,"9":0,"10":0,"11":2,"12":2},"f":{"0":2,"1":2},"b":{"0":[2,0]}}
,"C:\\Users\\niyon\\Desktop\\eagles-ec-be-1\\src\\controllers\\userControllers.ts": {"path":"C:\\Users\\niyon\\Desktop\\eagles-ec-be-1\\src\\controllers\\userControllers.ts","statementMap":{"0":{"start":{"line":2,"column":0},"end":{"line":2,"column":56}},"1":{"start":{"line":3,"column":0},"end":{"line":3,"column":54}},"2":{"start":{"line":4,"column":0},"end":{"line":4,"column":56}},"3":{"start":{"line":5,"column":0},"end":{"line":5,"column":51}},"4":{"start":{"line":6,"column":0},"end":{"line":6,"column":60}},"5":{"start":{"line":7,"column":0},"end":{"line":7,"column":56}},"6":{"start":{"line":8,"column":0},"end":{"line":8,"column":97}},"7":{"start":{"line":9,"column":0},"end":{"line":9,"column":55}},"8":{"start":{"line":10,"column":0},"end":{"line":10,"column":67}},"9":{"start":{"line":11,"column":0},"end":{"line":11,"column":45}},"10":{"start":{"line":12,"column":0},"end":{"line":12,"column":65}},"11":{"start":{"line":14,"column":29},"end":{"line":35,"column":2}},"12":{"start":{"line":14,"column":67},"end":{"line":35,"column":2}},"13":{"start":{"line":15,"column":2},"end":{"line":34,"column":3}},"14":{"start":{"line":16,"column":18},"end":{"line":16,"column":49}},"15":{"start":{"line":18,"column":4},"end":{"line":28,"column":5}},"16":{"start":{"line":19,"column":6},"end":{"line":21,"column":9}},"17":{"start":{"line":23,"column":6},"end":{"line":27,"column":9}},"18":{"start":{"line":30,"column":4},"end":{"line":33,"column":7}},"19":{"start":{"line":14,"column":13},"end":{"line":14,"column":29}},"20":{"start":{"line":37,"column":25},"end":{"line":73,"column":2}},"21":{"start":{"line":37,"column":63},"end":{"line":73,"column":2}},"22":{"start":{"line":38,"column":30},"end":{"line":38,"column":38}},"23":{"start":{"line":39,"column":22},"end":{"line":39,"column":47}},"24":{"start":{"line":41,"column":2},"end":{"line":72,"column":3}},"25":{"start":{"line":42,"column":4},"end":{"line":45,"column":7}},"26":{"start":{"line":47,"column":4},"end":{"line":47,"column":44}},"27":{"start":{"line":48,"column":18},"end":{"line":48,"column":65}},"28":{"start":{"line":49,"column":4},"end":{"line":71,"column":5}},"29":{"start":{"line":50,"column":6},"end":{"line":53,"column":9}},"30":{"start":{"line":55,"column":6},"end":{"line":70,"column":7}},"31":{"start":{"line":56,"column":22},"end":{"line":56,"column":63}},"32":{"start":{"line":58,"column":8},"end":{"line":58,"column":62}},"33":{"start":{"line":59,"column":8},"end":{"line":59,"column":104}},"34":{"start":{"line":60,"column":8},"end":{"line":63,"column":11}},"35":{"start":{"line":65,"column":8},"end":{"line":69,"column":11}},"36":{"start":{"line":37,"column":13},"end":{"line":37,"column":25}},"37":{"start":{"line":75,"column":36},"end":{"line":96,"column":2}},"38":{"start":{"line":75,"column":74},"end":{"line":96,"column":2}},"39":{"start":{"line":76,"column":2},"end":{"line":95,"column":3}},"40":{"start":{"line":77,"column":54},"end":{"line":77,"column":62}},"41":{"start":{"line":78,"column":17},"end":{"line":78,"column":79}},"42":{"start":{"line":79,"column":4},"end":{"line":84,"column":5}},"43":{"start":{"line":80,"column":6},"end":{"line":83,"column":9}},"44":{"start":{"line":85,"column":4},"end":{"line":89,"column":7}},"45":{"start":{"line":91,"column":4},"end":{"line":93,"column":5}},"46":{"start":{"line":92,"column":6},"end":{"line":92,"column":68}},"47":{"start":{"line":94,"column":4},"end":{"line":94,"column":48}},"48":{"start":{"line":75,"column":13},"end":{"line":75,"column":36}},"49":{"start":{"line":98,"column":30},"end":{"line":127,"column":2}},"50":{"start":{"line":98,"column":68},"end":{"line":127,"column":2}},"51":{"start":{"line":99,"column":56},"end":{"line":99,"column":64}},"52":{"start":{"line":100,"column":2},"end":{"line":126,"column":3}},"53":{"start":{"line":102,"column":17},"end":{"line":102,"column":53}},"54":{"start":{"line":103,"column":4},"end":{"line":105,"column":5}},"55":{"start":{"line":104,"column":6},"end":{"line":104,"column":65}},"56":{"start":{"line":106,"column":28},"end":{"line":106,"column":78}},"57":{"start":{"line":107,"column":4},"end":{"line":109,"column":5}},"58":{"start":{"line":108,"column":6},"end":{"line":108,"column":76}},"59":{"start":{"line":111,"column":4},"end":{"line":113,"column":5}},"60":{"start":{"line":112,"column":6},"end":{"line":112,"column":97}},"61":{"start":{"line":115,"column":4},"end":{"line":117,"column":5}},"62":{"start":{"line":116,"column":6},"end":{"line":116,"column":116}},"63":{"start":{"line":119,"column":21},"end":{"line":119,"column":54}},"64":{"start":{"line":120,"column":4},"end":{"line":120,"column":45}},"65":{"start":{"line":121,"column":4},"end":{"line":121,"column":78}},"66":{"start":{"line":123,"column":4},"end":{"line":125,"column":7}},"67":{"start":{"line":98,"column":13},"end":{"line":98,"column":30}},"68":{"start":{"line":129,"column":33},"end":{"line":166,"column":2}},"69":{"start":{"line":129,"column":67},"end":{"line":166,"column":2}},"70":{"start":{"line":130,"column":38},"end":{"line":130,"column":47}},"71":{"start":{"line":132,"column":2},"end":{"line":165,"column":3}},"72":{"start":{"line":133,"column":30},"end":{"line":133,"column":79}},"73":{"start":{"line":134,"column":24},"end":{"line":134,"column":44}},"74":{"start":{"line":135,"column":27},"end":{"line":135,"column":58}},"75":{"start":{"line":137,"column":4},"end":{"line":142,"column":5}},"76":{"start":{"line":138,"column":6},"end":{"line":138,"column":68}},"77":{"start":{"line":139,"column":6},"end":{"line":141,"column":9}},"78":{"start":{"line":144,"column":31},"end":{"line":144,"column":87}},"79":{"start":{"line":146,"column":4},"end":{"line":160,"column":5}},"80":{"start":{"line":147,"column":20},"end":{"line":147,"column":45}},"81":{"start":{"line":149,"column":6},"end":{"line":149,"column":68}},"82":{"start":{"line":151,"column":6},"end":{"line":155,"column":9}},"83":{"start":{"line":157,"column":6},"end":{"line":159,"column":9}},"84":{"start":{"line":162,"column":4},"end":{"line":164,"column":7}},"85":{"start":{"line":129,"column":13},"end":{"line":129,"column":33}}},"fnMap":{"0":{"name":"(anonymous_14)","decl":{"start":{"line":14,"column":29},"end":{"line":14,"column":36}},"loc":{"start":{"line":14,"column":67},"end":{"line":35,"column":2}}},"1":{"name":"(anonymous_15)","decl":{"start":{"line":14,"column":67},"end":{"line":14,"column":null}},"loc":{"start":{"line":14,"column":67},"end":{"line":35,"column":1}}},"2":{"name":"(anonymous_16)","decl":{"start":{"line":37,"column":25},"end":{"line":37,"column":32}},"loc":{"start":{"line":37,"column":63},"end":{"line":73,"column":2}}},"3":{"name":"(anonymous_17)","decl":{"start":{"line":37,"column":63},"end":{"line":37,"column":null}},"loc":{"start":{"line":37,"column":63},"end":{"line":73,"column":1}}},"4":{"name":"(anonymous_18)","decl":{"start":{"line":75,"column":36},"end":{"line":75,"column":43}},"loc":{"start":{"line":75,"column":74},"end":{"line":96,"column":2}}},"5":{"name":"(anonymous_19)","decl":{"start":{"line":75,"column":74},"end":{"line":75,"column":null}},"loc":{"start":{"line":75,"column":74},"end":{"line":96,"column":1}}},"6":{"name":"(anonymous_20)","decl":{"start":{"line":98,"column":30},"end":{"line":98,"column":37}},"loc":{"start":{"line":98,"column":68},"end":{"line":127,"column":2}}},"7":{"name":"(anonymous_21)","decl":{"start":{"line":98,"column":68},"end":{"line":98,"column":null}},"loc":{"start":{"line":98,"column":68},"end":{"line":127,"column":1}}},"8":{"name":"(anonymous_22)","decl":{"start":{"line":129,"column":33},"end":{"line":129,"column":40}},"loc":{"start":{"line":129,"column":67},"end":{"line":166,"column":2}}},"9":{"name":"(anonymous_23)","decl":{"start":{"line":129,"column":67},"end":{"line":129,"column":null}},"loc":{"start":{"line":129,"column":67},"end":{"line":166,"column":1}}}},"branchMap":{"0":{"loc":{"start":{"line":18,"column":4},"end":{"line":28,"column":5}},"type":"if","locations":[{"start":{"line":18,"column":4},"end":{"line":28,"column":5}},{"start":{"line":22,"column":11},"end":{"line":28,"column":5}}]},"1":{"loc":{"start":{"line":41,"column":2},"end":{"line":72,"column":3}},"type":"if","locations":[{"start":{"line":41,"column":2},"end":{"line":72,"column":3}},{"start":{"line":46,"column":9},"end":{"line":72,"column":3}}]},"2":{"loc":{"start":{"line":41,"column":6},"end":{"line":41,"column":28}},"type":"binary-expr","locations":[{"start":{"line":41,"column":6},"end":{"line":41,"column":11}},{"start":{"line":41,"column":15},"end":{"line":41,"column":28}}]},"3":{"loc":{"start":{"line":49,"column":4},"end":{"line":71,"column":5}},"type":"if","locations":[{"start":{"line":49,"column":4},"end":{"line":71,"column":5}},{"start":{"line":54,"column":11},"end":{"line":71,"column":5}}]},"4":{"loc":{"start":{"line":55,"column":6},"end":{"line":70,"column":7}},"type":"if","locations":[{"start":{"line":55,"column":6},"end":{"line":70,"column":7}},{"start":{"line":64,"column":13},"end":{"line":70,"column":7}}]},"5":{"loc":{"start":{"line":79,"column":4},"end":{"line":84,"column":5}},"type":"if","locations":[{"start":{"line":79,"column":4},"end":{"line":84,"column":5}}]},"6":{"loc":{"start":{"line":79,"column":8},"end":{"line":79,"column":29}},"type":"binary-expr","locations":[{"start":{"line":79,"column":8},"end":{"line":79,"column":13}},{"start":{"line":79,"column":17},"end":{"line":79,"column":29}}]},"7":{"loc":{"start":{"line":91,"column":4},"end":{"line":93,"column":5}},"type":"if","locations":[{"start":{"line":91,"column":4},"end":{"line":93,"column":5}}]},"8":{"loc":{"start":{"line":91,"column":8},"end":{"line":91,"column":81}},"type":"binary-expr","locations":[{"start":{"line":91,"column":8},"end":{"line":91,"column":40}},{"start":{"line":91,"column":44},"end":{"line":91,"column":81}}]},"9":{"loc":{"start":{"line":103,"column":4},"end":{"line":105,"column":5}},"type":"if","locations":[{"start":{"line":103,"column":4},"end":{"line":105,"column":5}}]},"10":{"loc":{"start":{"line":107,"column":4},"end":{"line":109,"column":5}},"type":"if","locations":[{"start":{"line":107,"column":4},"end":{"line":109,"column":5}}]},"11":{"loc":{"start":{"line":111,"column":4},"end":{"line":113,"column":5}},"type":"if","locations":[{"start":{"line":111,"column":4},"end":{"line":113,"column":5}}]},"12":{"loc":{"start":{"line":115,"column":4},"end":{"line":117,"column":5}},"type":"if","locations":[{"start":{"line":115,"column":4},"end":{"line":117,"column":5}}]},"13":{"loc":{"start":{"line":133,"column":46},"end":{"line":133,"column":67}},"type":"cond-expr","locations":[{"start":{"line":133,"column":56},"end":{"line":133,"column":58}},{"start":{"line":133,"column":46},"end":{"line":133,"column":67}}]},"14":{"loc":{"start":{"line":133,"column":46},"end":{"line":133,"column":58}},"type":"binary-expr","locations":[{"start":{"line":133,"column":46},"end":{"line":133,"column":58}},{"start":{"line":133,"column":46},"end":{"line":133,"column":58}}]},"15":{"loc":{"start":{"line":137,"column":4},"end":{"line":142,"column":5}},"type":"if","locations":[{"start":{"line":137,"column":4},"end":{"line":142,"column":5}}]},"16":{"loc":{"start":{"line":146,"column":4},"end":{"line":160,"column":5}},"type":"if","locations":[{"start":{"line":146,"column":4},"end":{"line":160,"column":5}},{"start":{"line":156,"column":11},"end":{"line":160,"column":5}}]}},"s":{"0":2,"1":2,"2":2,"3":2,"4":2,"5":2,"6":2,"7":2,"8":2,"9":2,"10":2,"11":2,"12":1,"13":1,"14":1,"15":1,"16":0,"17":1,"18":0,"19":2,"20":2,"21":2,"22":2,"23":2,"24":2,"25":0,"26":2,"27":2,"28":2,"29":1,"30":1,"31":0,"32":0,"33":0,"34":0,"35":1,"36":2,"37":2,"38":3,"39":3,"40":3,"41":3,"42":3,"43":1,"44":2,"45":0,"46":0,"47":0,"48":2,"49":2,"50":3,"51":3,"52":3,"53":3,"54":3,"55":0,"56":3,"57":3,"58":1,"59":2,"60":1,"61":1,"62":0,"63":1,"64":1,"65":1,"66":0,"67":2,"68":2,"69":0,"70":0,"71":0,"72":0,"73":0,"74":0,"75":0,"76":0,"77":0,"78":0,"79":0,"80":0,"81":0,"82":0,"83":0,"84":0,"85":2},"f":{"0":1,"1":1,"2":2,"3":2,"4":3,"5":3,"6":3,"7":3,"8":0,"9":0},"b":{"0":[0,1],"1":[0,2],"2":[2,2],"3":[1,1],"4":[0,1],"5":[1],"6":[3,2],"7":[0],"8":[0,0],"9":[0],"10":[1],"11":[1],"12":[0],"13":[0,0],"14":[0,0],"15":[0],"16":[0,0]}}
,"C:\\Users\\niyon\\Desktop\\eagles-ec-be-1\\src\\docs\\swagger.ts": {"path":"C:\\Users\\niyon\\Desktop\\eagles-ec-be-1\\src\\docs\\swagger.ts","statementMap":{"0":{"start":{"line":1,"column":0},"end":{"line":1,"column":30}},"1":{"start":{"line":2,"column":0},"end":{"line":2,"column":50}},"2":{"start":{"line":3,"column":0},"end":{"line":3,"column":35}},"3":{"start":{"line":4,"column":0},"end":{"line":4,"column":140}},"4":{"start":{"line":6,"column":18},"end":{"line":6,"column":34}},"5":{"start":{"line":8,"column":16},"end":{"line":70,"column":2}},"6":{"start":{"line":72,"column":0},"end":{"line":72,"column":42}},"7":{"start":{"line":74,"column":0},"end":{"line":74,"column":25}}},"fnMap":{},"branchMap":{},"s":{"0":2,"1":2,"2":2,"3":2,"4":2,"5":2,"6":2,"7":2},"f":{},"b":{}}
,"C:\\Users\\niyon\\Desktop\\eagles-ec-be-1\\src\\docs\\users.ts": {"path":"C:\\Users\\niyon\\Desktop\\eagles-ec-be-1\\src\\docs\\users.ts","statementMap":{"0":{"start":{"line":1,"column":13},"end":{"line":18,"column":2}},"1":{"start":{"line":20,"column":13},"end":{"line":33,"column":2}},"2":{"start":{"line":35,"column":13},"end":{"line":45,"column":2}},"3":{"start":{"line":47,"column":13},"end":{"line":65,"column":2}},"4":{"start":{"line":67,"column":13},"end":{"line":95,"column":2}},"5":{"start":{"line":97,"column":13},"end":{"line":127,"column":2}},"6":{"start":{"line":129,"column":13},"end":{"line":151,"column":2}},"7":{"start":{"line":152,"column":13},"end":{"line":180,"column":2}}},"fnMap":{},"branchMap":{},"s":{"0":2,"1":2,"2":2,"3":2,"4":2,"5":2,"6":2,"7":2},"f":{},"b":{}}
,"C:\\Users\\niyon\\Desktop\\eagles-ec-be-1\\src\\email-templates\\verifyotp.ts": {"path":"C:\\Users\\niyon\\Desktop\\eagles-ec-be-1\\src\\email-templates\\verifyotp.ts","statementMap":{"0":{"start":{"line":1,"column":33},"end":{"line":29,"column":1}},"1":{"start":{"line":2,"column":2},"end":{"line":28,"column":2}},"2":{"start":{"line":1,"column":13},"end":{"line":1,"column":33}}},"fnMap":{"0":{"name":"(anonymous_0)","decl":{"start":{"line":1,"column":33},"end":{"line":1,"column":34}},"loc":{"start":{"line":1,"column":51},"end":{"line":29,"column":1}}}},"branchMap":{},"s":{"0":2,"1":0,"2":2},"f":{"0":0},"b":{}}
,"C:\\Users\\niyon\\Desktop\\eagles-ec-be-1\\src\\middleware\\validator.ts": {"path":"C:\\Users\\niyon\\Desktop\\eagles-ec-be-1\\src\\middleware\\validator.ts","statementMap":{"0":{"start":{"line":2,"column":0},"end":{"line":2,"column":40}},"1":{"start":{"line":5,"column":31},"end":{"line":24,"column":1}},"2":{"start":{"line":6,"column":20},"end":{"line":6,"column":28}},"3":{"start":{"line":8,"column":2},"end":{"line":13,"column":3}},"4":{"start":{"line":9,"column":4},"end":{"line":12,"column":7}},"5":{"start":{"line":15,"column":18},"end":{"line":15,"column":43}},"6":{"start":{"line":16,"column":2},"end":{"line":23,"column":3}},"7":{"start":{"line":17,"column":4},"end":{"line":17,"column":11}},"8":{"start":{"line":19,"column":4},"end":{"line":22,"column":7}},"9":{"start":{"line":5,"column":13},"end":{"line":5,"column":31}},"10":{"start":{"line":26,"column":30},"end":{"line":34,"column":1}},"11":{"start":{"line":27,"column":2},"end":{"line":33,"column":4}},"12":{"start":{"line":28,"column":22},"end":{"line":28,"column":47}},"13":{"start":{"line":29,"column":4},"end":{"line":31,"column":5}},"14":{"start":{"line":30,"column":6},"end":{"line":30,"column":73}},"15":{"start":{"line":32,"column":4},"end":{"line":32,"column":11}},"16":{"start":{"line":26,"column":13},"end":{"line":26,"column":30}}},"fnMap":{"0":{"name":"(anonymous_1)","decl":{"start":{"line":5,"column":31},"end":{"line":5,"column":32}},"loc":{"start":{"line":5,"column":83},"end":{"line":24,"column":1}}},"1":{"name":"(anonymous_2)","decl":{"start":{"line":26,"column":30},"end":{"line":26,"column":31}},"loc":{"start":{"line":26,"column":49},"end":{"line":34,"column":1}}},"2":{"name":"(anonymous_3)","decl":{"start":{"line":27,"column":9},"end":{"line":27,"column":10}},"loc":{"start":{"line":27,"column":61},"end":{"line":33,"column":3}}}},"branchMap":{"0":{"loc":{"start":{"line":8,"column":2},"end":{"line":13,"column":3}},"type":"if","locations":[{"start":{"line":8,"column":2},"end":{"line":13,"column":3}}]},"1":{"loc":{"start":{"line":16,"column":2},"end":{"line":23,"column":3}},"type":"if","locations":[{"start":{"line":16,"column":2},"end":{"line":23,"column":3}},{"start":{"line":18,"column":9},"end":{"line":23,"column":3}}]},"2":{"loc":{"start":{"line":29,"column":4},"end":{"line":31,"column":5}},"type":"if","locations":[{"start":{"line":29,"column":4},"end":{"line":31,"column":5}}]}},"s":{"0":2,"1":2,"2":4,"3":4,"4":0,"5":4,"6":4,"7":4,"8":0,"9":2,"10":2,"11":4,"12":8,"13":8,"14":2,"15":6,"16":2},"f":{"0":4,"1":4,"2":8},"b":{"0":[0],"1":[4,0],"2":[2]}}
,"C:\\Users\\niyon\\Desktop\\eagles-ec-be-1\\src\\middlewares\\isLoggedIn.ts": {"path":"C:\\Users\\niyon\\Desktop\\eagles-ec-be-1\\src\\middlewares\\isLoggedIn.ts","statementMap":{"0":{"start":{"line":1,"column":0},"end":{"line":1,"column":58}},"1":{"start":{"line":3,"column":0},"end":{"line":3,"column":51}},"2":{"start":{"line":5,"column":26},"end":{"line":40,"column":null}},"3":{"start":{"line":5,"column":84},"end":{"line":40,"column":null}},"4":{"start":{"line":6,"column":36},"end":{"line":6,"column":45}},"5":{"start":{"line":7,"column":4},"end":{"line":39,"column":5}},"6":{"start":{"line":8,"column":8},"end":{"line":13,"column":9}},"7":{"start":{"line":12,"column":12},"end":{"line":12,"column":60}},"8":{"start":{"line":14,"column":8},"end":{"line":19,"column":9}},"9":{"start":{"line":15,"column":12},"end":{"line":18,"column":15}},"10":{"start":{"line":20,"column":8},"end":{"line":22,"column":9}},"11":{"start":{"line":21,"column":12},"end":{"line":21,"column":54}},"12":{"start":{"line":23,"column":29},"end":{"line":23,"column":53}},"13":{"start":{"line":24,"column":32},"end":{"line":24,"column":67}},"14":{"start":{"line":25,"column":8},"end":{"line":30,"column":9}},"15":{"start":{"line":26,"column":12},"end":{"line":29,"column":15}},"16":{"start":{"line":32,"column":8},"end":{"line":32,"column":30}},"17":{"start":{"line":33,"column":8},"end":{"line":33,"column":15}},"18":{"start":{"line":35,"column":8},"end":{"line":38,"column":11}},"19":{"start":{"line":5,"column":13},"end":{"line":5,"column":26}}},"fnMap":{"0":{"name":"(anonymous_7)","decl":{"start":{"line":5,"column":26},"end":{"line":5,"column":33}},"loc":{"start":{"line":5,"column":84},"end":{"line":40,"column":null}}},"1":{"name":"(anonymous_8)","decl":{"start":{"line":5,"column":84},"end":{"line":5,"column":null}},"loc":{"start":{"line":5,"column":84},"end":{"line":40,"column":1}}}},"branchMap":{"0":{"loc":{"start":{"line":8,"column":8},"end":{"line":13,"column":9}},"type":"if","locations":[{"start":{"line":8,"column":8},"end":{"line":13,"column":9}}]},"1":{"loc":{"start":{"line":9,"column":12},"end":{"line":10,"column":59}},"type":"binary-expr","locations":[{"start":{"line":9,"column":12},"end":{"line":9,"column":37}},{"start":{"line":10,"column":12},"end":{"line":10,"column":59}}]},"2":{"loc":{"start":{"line":14,"column":8},"end":{"line":19,"column":9}},"type":"if","locations":[{"start":{"line":14,"column":8},"end":{"line":19,"column":9}}]},"3":{"loc":{"start":{"line":20,"column":8},"end":{"line":22,"column":9}},"type":"if","locations":[{"start":{"line":20,"column":8},"end":{"line":22,"column":9}}]},"4":{"loc":{"start":{"line":25,"column":8},"end":{"line":30,"column":9}},"type":"if","locations":[{"start":{"line":25,"column":8},"end":{"line":30,"column":9}}]}},"s":{"0":2,"1":2,"2":2,"3":5,"4":5,"5":5,"6":5,"7":4,"8":5,"9":1,"10":4,"11":0,"12":4,"13":4,"14":4,"15":0,"16":4,"17":4,"18":0,"19":2},"f":{"0":5,"1":5},"b":{"0":[4],"1":[5,4],"2":[1],"3":[0],"4":[0]}}
,"C:\\Users\\niyon\\Desktop\\eagles-ec-be-1\\src\\middlewares\\isTokenFound.ts": {"path":"C:\\Users\\niyon\\Desktop\\eagles-ec-be-1\\src\\middlewares\\isTokenFound.ts","statementMap":{"0":{"start":{"line":2,"column":0},"end":{"line":2,"column":46}},"1":{"start":{"line":4,"column":28},"end":{"line":22,"column":2}},"2":{"start":{"line":4,"column":82},"end":{"line":22,"column":2}},"3":{"start":{"line":5,"column":20},"end":{"line":5,"column":28}},"4":{"start":{"line":6,"column":2},"end":{"line":21,"column":3}},"5":{"start":{"line":7,"column":23},"end":{"line":7,"column":71}},"6":{"start":{"line":9,"column":4},"end":{"line":16,"column":5}},"7":{"start":{"line":10,"column":6},"end":{"line":10,"column":29}},"8":{"start":{"line":11,"column":6},"end":{"line":11,"column":13}},"9":{"start":{"line":13,"column":6},"end":{"line":15,"column":9}},"10":{"start":{"line":18,"column":4},"end":{"line":20,"column":7}},"11":{"start":{"line":4,"column":13},"end":{"line":4,"column":28}}},"fnMap":{"0":{"name":"(anonymous_8)","decl":{"start":{"line":4,"column":28},"end":{"line":4,"column":35}},"loc":{"start":{"line":4,"column":82},"end":{"line":22,"column":2}}},"1":{"name":"(anonymous_9)","decl":{"start":{"line":4,"column":82},"end":{"line":4,"column":null}},"loc":{"start":{"line":4,"column":82},"end":{"line":22,"column":1}}}},"branchMap":{"0":{"loc":{"start":{"line":9,"column":4},"end":{"line":16,"column":5}},"type":"if","locations":[{"start":{"line":9,"column":4},"end":{"line":16,"column":5}},{"start":{"line":12,"column":11},"end":{"line":16,"column":5}}]}},"s":{"0":2,"1":2,"2":0,"3":0,"4":0,"5":0,"6":0,"7":0,"8":0,"9":0,"10":0,"11":2},"f":{"0":0,"1":0},"b":{"0":[0,0]}}
,"C:\\Users\\niyon\\Desktop\\eagles-ec-be-1\\src\\routes\\homeRoutes.ts": {"path":"C:\\Users\\niyon\\Desktop\\eagles-ec-be-1\\src\\routes\\homeRoutes.ts","statementMap":{"0":{"start":{"line":1,"column":0},"end":{"line":1,"column":52}},"1":{"start":{"line":4,"column":18},"end":{"line":4,"column":26}},"2":{"start":{"line":6,"column":0},"end":{"line":17,"column":3}},"3":{"start":{"line":7,"column":2},"end":{"line":16,"column":3}},"4":{"start":{"line":8,"column":4},"end":{"line":10,"column":7}},"5":{"start":{"line":12,"column":4},"end":{"line":15,"column":7}},"6":{"start":{"line":19,"column":0},"end":{"line":19,"column":25}}},"fnMap":{"0":{"name":"(anonymous_0)","decl":{"start":{"line":6,"column":19},"end":{"line":6,"column":20}},"loc":{"start":{"line":6,"column":51},"end":{"line":17,"column":1}}}},"branchMap":{},"s":{"0":2,"1":2,"2":2,"3":1,"4":1,"5":0,"6":2},"f":{"0":1},"b":{}}
,"C:\\Users\\niyon\\Desktop\\eagles-ec-be-1\\src\\routes\\index.ts": {"path":"C:\\Users\\niyon\\Desktop\\eagles-ec-be-1\\src\\routes\\index.ts","statementMap":{"0":{"start":{"line":1,"column":0},"end":{"line":1,"column":33}},"1":{"start":{"line":2,"column":0},"end":{"line":2,"column":38}},"2":{"start":{"line":4,"column":18},"end":{"line":4,"column":26}},"3":{"start":{"line":6,"column":0},"end":{"line":6,"column":36}},"4":{"start":{"line":8,"column":0},"end":{"line":8,"column":25}}},"fnMap":{},"branchMap":{},"s":{"0":2,"1":2,"2":2,"3":2,"4":2},"f":{},"b":{}}
,"C:\\Users\\niyon\\Desktop\\eagles-ec-be-1\\src\\routes\\userRoutes.ts": {"path":"C:\\Users\\niyon\\Desktop\\eagles-ec-be-1\\src\\routes\\userRoutes.ts","statementMap":{"0":{"start":{"line":1,"column":0},"end":{"line":1,"column":33}},"1":{"start":{"line":2,"column":0},"end":{"line":2,"column":131}},"2":{"start":{"line":3,"column":0},"end":{"line":3,"column":74}},"3":{"start":{"line":4,"column":0},"end":{"line":4,"column":51}},"4":{"start":{"line":5,"column":0},"end":{"line":5,"column":55}},"5":{"start":{"line":6,"column":0},"end":{"line":6,"column":65}},"6":{"start":{"line":7,"column":0},"end":{"line":7,"column":59}},"7":{"start":{"line":9,"column":19},"end":{"line":9,"column":27}},"8":{"start":{"line":11,"column":0},"end":{"line":11,"column":35}},"9":{"start":{"line":12,"column":0},"end":{"line":12,"column":37}},"10":{"start":{"line":13,"column":0},"end":{"line":13,"column":98}},"11":{"start":{"line":14,"column":0},"end":{"line":14,"column":100}},"12":{"start":{"line":15,"column":0},"end":{"line":15,"column":64}},"13":{"start":{"line":17,"column":0},"end":{"line":17,"column":26}}},"fnMap":{},"branchMap":{},"s":{"0":2,"1":2,"2":2,"3":2,"4":2,"5":2,"6":2,"7":2,"8":2,"9":2,"10":2,"11":2,"12":2,"13":2},"f":{},"b":{}}
,"C:\\Users\\niyon\\Desktop\\eagles-ec-be-1\\src\\schemas\\passwordUpdate.ts": {"path":"C:\\Users\\niyon\\Desktop\\eagles-ec-be-1\\src\\schemas\\passwordUpdate.ts","statementMap":{"0":{"start":{"line":1,"column":0},"end":{"line":1,"column":22}},"1":{"start":{"line":3,"column":13},"end":{"line":10,"column":null}}},"fnMap":{},"branchMap":{},"s":{"0":2,"1":2},"f":{},"b":{}}
,"C:\\Users\\niyon\\Desktop\\eagles-ec-be-1\\src\\schemas\\signUpSchema.ts": {"path":"C:\\Users\\niyon\\Desktop\\eagles-ec-be-1\\src\\schemas\\signUpSchema.ts","statementMap":{"0":{"start":{"line":1,"column":0},"end":{"line":1,"column":22}},"1":{"start":{"line":3,"column":13},"end":{"line":9,"column":36}},"2":{"start":{"line":11,"column":0},"end":{"line":11,"column":28}}},"fnMap":{},"branchMap":{},"s":{"0":2,"1":2,"2":2},"f":{},"b":{}}
,"C:\\Users\\niyon\\Desktop\\eagles-ec-be-1\\src\\sequelize\\models\\Token.ts": {"path":"C:\\Users\\niyon\\Desktop\\eagles-ec-be-1\\src\\sequelize\\models\\Token.ts","statementMap":{"0":{"start":{"line":1,"column":0},"end":{"line":1,"column":45}},"1":{"start":{"line":2,"column":0},"end":{"line":2,"column":50}},"2":{"start":{"line":18,"column":0},"end":{"line":42,"column":2}},"3":{"start":{"line":44,"column":0},"end":{"line":44,"column":21}}},"fnMap":{},"branchMap":{},"s":{"0":2,"1":2,"2":2,"3":2},"f":{},"b":{}}
,"C:\\Users\\niyon\\Desktop\\eagles-ec-be-1\\src\\sequelize\\models\\users.ts": {"path":"C:\\Users\\niyon\\Desktop\\eagles-ec-be-1\\src\\sequelize\\models\\users.ts","statementMap":{"0":{"start":{"line":1,"column":0},"end":{"line":1,"column":45}},"1":{"start":{"line":2,"column":0},"end":{"line":2,"column":50}},"2":{"start":{"line":26,"column":0},"end":{"line":67,"column":2}},"3":{"start":{"line":69,"column":0},"end":{"line":69,"column":20}}},"fnMap":{},"branchMap":{},"s":{"0":2,"1":2,"2":2,"3":2},"f":{},"b":{}}
,"C:\\Users\\niyon\\Desktop\\eagles-ec-be-1\\src\\services\\mail.service.ts": {"path":"C:\\Users\\niyon\\Desktop\\eagles-ec-be-1\\src\\services\\mail.service.ts","statementMap":{"0":{"start":{"line":3,"column":0},"end":{"line":3,"column":35}},"1":{"start":{"line":5,"column":0},"end":{"line":5,"column":47}},"2":{"start":{"line":8,"column":32},"end":{"line":23,"column":2}},"3":{"start":{"line":8,"column":101},"end":{"line":23,"column":2}},"4":{"start":{"line":9,"column":2},"end":{"line":22,"column":3}},"5":{"start":{"line":10,"column":24},"end":{"line":15,"column":6}},"6":{"start":{"line":17,"column":17},"end":{"line":17,"column":56}},"7":{"start":{"line":19,"column":4},"end":{"line":19,"column":31}},"8":{"start":{"line":21,"column":4},"end":{"line":21,"column":35}},"9":{"start":{"line":8,"column":13},"end":{"line":8,"column":32}}},"fnMap":{"0":{"name":"(anonymous_8)","decl":{"start":{"line":8,"column":32},"end":{"line":8,"column":39}},"loc":{"start":{"line":8,"column":101},"end":{"line":23,"column":2}}},"1":{"name":"(anonymous_9)","decl":{"start":{"line":8,"column":101},"end":{"line":8,"column":null}},"loc":{"start":{"line":8,"column":101},"end":{"line":23,"column":1}}}},"branchMap":{},"s":{"0":2,"1":2,"2":2,"3":0,"4":0,"5":0,"6":0,"7":0,"8":0,"9":2},"f":{"0":0,"1":0},"b":{}}
,"C:\\Users\\niyon\\Desktop\\eagles-ec-be-1\\src\\services\\user.service.ts": {"path":"C:\\Users\\niyon\\Desktop\\eagles-ec-be-1\\src\\services\\user.service.ts","statementMap":{"0":{"start":{"line":1,"column":0},"end":{"line":1,"column":45}},"1":{"start":{"line":2,"column":0},"end":{"line":2,"column":55}},"2":{"start":{"line":5,"column":27},"end":{"line":16,"column":2}},"3":{"start":{"line":5,"column":38},"end":{"line":16,"column":2}},"4":{"start":{"line":6,"column":2},"end":{"line":15,"column":3}},"5":{"start":{"line":7,"column":18},"end":{"line":7,"column":38}},"6":{"start":{"line":8,"column":4},"end":{"line":10,"column":5}},"7":{"start":{"line":9,"column":6},"end":{"line":9,"column":29}},"8":{"start":{"line":11,"column":4},"end":{"line":11,"column":17}},"9":{"start":{"line":13,"column":4},"end":{"line":13,"column":31}},"10":{"start":{"line":14,"column":4},"end":{"line":14,"column":35}},"11":{"start":{"line":5,"column":13},"end":{"line":5,"column":27}},"12":{"start":{"line":18,"column":28},"end":{"line":27,"column":2}},"13":{"start":{"line":18,"column":52},"end":{"line":27,"column":2}},"14":{"start":{"line":19,"column":2},"end":{"line":26,"column":3}},"15":{"start":{"line":20,"column":22},"end":{"line":22,"column":6}},"16":{"start":{"line":23,"column":4},"end":{"line":23,"column":16}},"17":{"start":{"line":25,"column":4},"end":{"line":25,"column":33}},"18":{"start":{"line":18,"column":13},"end":{"line":18,"column":28}},"19":{"start":{"line":28,"column":33},"end":{"line":54,"column":2}},"20":{"start":{"line":28,"column":143},"end":{"line":54,"column":2}},"21":{"start":{"line":29,"column":23},"end":{"line":29,"column":63}},"22":{"start":{"line":30,"column":2},"end":{"line":32,"column":3}},"23":{"start":{"line":31,"column":4},"end":{"line":31,"column":16}},"24":{"start":{"line":33,"column":23},"end":{"line":33,"column":53}},"25":{"start":{"line":36,"column":2},"end":{"line":53,"column":3}},"26":{"start":{"line":37,"column":4},"end":{"line":43,"column":7}},"27":{"start":{"line":44,"column":4},"end":{"line":44,"column":16}},"28":{"start":{"line":46,"column":4},"end":{"line":51,"column":7}},"29":{"start":{"line":52,"column":4},"end":{"line":52,"column":16}},"30":{"start":{"line":28,"column":13},"end":{"line":28,"column":33}},"31":{"start":{"line":56,"column":30},"end":{"line":61,"column":2}},"32":{"start":{"line":56,"column":76},"end":{"line":61,"column":2}},"33":{"start":{"line":57,"column":15},"end":{"line":59,"column":4}},"34":{"start":{"line":60,"column":2},"end":{"line":60,"column":14}},"35":{"start":{"line":56,"column":13},"end":{"line":56,"column":30}},"36":{"start":{"line":63,"column":28},"end":{"line":75,"column":2}},"37":{"start":{"line":63,"column":49},"end":{"line":75,"column":2}},"38":{"start":{"line":64,"column":2},"end":{"line":74,"column":3}},"39":{"start":{"line":65,"column":17},"end":{"line":65,"column":40}},"40":{"start":{"line":66,"column":4},"end":{"line":70,"column":5}},"41":{"start":{"line":67,"column":6},"end":{"line":67,"column":18}},"42":{"start":{"line":69,"column":6},"end":{"line":69,"column":18}},"43":{"start":{"line":72,"column":4},"end":{"line":72,"column":58}},"44":{"start":{"line":73,"column":4},"end":{"line":73,"column":35}},"45":{"start":{"line":63,"column":13},"end":{"line":63,"column":28}},"46":{"start":{"line":76,"column":34},"end":{"line":80,"column":2}},"47":{"start":{"line":76,"column":73},"end":{"line":80,"column":2}},"48":{"start":{"line":77,"column":2},"end":{"line":77,"column":27}},"49":{"start":{"line":78,"column":17},"end":{"line":78,"column":32}},"50":{"start":{"line":79,"column":2},"end":{"line":79,"column":16}},"51":{"start":{"line":76,"column":13},"end":{"line":76,"column":34}}},"fnMap":{"0":{"name":"(anonymous_8)","decl":{"start":{"line":5,"column":27},"end":{"line":5,"column":36}},"loc":{"start":{"line":5,"column":38},"end":{"line":16,"column":2}}},"1":{"name":"(anonymous_9)","decl":{"start":{"line":5,"column":38},"end":{"line":5,"column":null}},"loc":{"start":{"line":5,"column":38},"end":{"line":16,"column":1}}},"2":{"name":"(anonymous_10)","decl":{"start":{"line":18,"column":28},"end":{"line":18,"column":35}},"loc":{"start":{"line":18,"column":52},"end":{"line":27,"column":2}}},"3":{"name":"(anonymous_11)","decl":{"start":{"line":18,"column":52},"end":{"line":18,"column":null}},"loc":{"start":{"line":18,"column":52},"end":{"line":27,"column":1}}},"4":{"name":"(anonymous_12)","decl":{"start":{"line":28,"column":33},"end":{"line":28,"column":40}},"loc":{"start":{"line":28,"column":143},"end":{"line":54,"column":2}}},"5":{"name":"(anonymous_13)","decl":{"start":{"line":28,"column":143},"end":{"line":28,"column":null}},"loc":{"start":{"line":28,"column":143},"end":{"line":54,"column":1}}},"6":{"name":"(anonymous_14)","decl":{"start":{"line":56,"column":30},"end":{"line":56,"column":37}},"loc":{"start":{"line":56,"column":76},"end":{"line":61,"column":2}}},"7":{"name":"(anonymous_15)","decl":{"start":{"line":56,"column":76},"end":{"line":56,"column":null}},"loc":{"start":{"line":56,"column":76},"end":{"line":61,"column":1}}},"8":{"name":"(anonymous_16)","decl":{"start":{"line":63,"column":28},"end":{"line":63,"column":35}},"loc":{"start":{"line":63,"column":49},"end":{"line":75,"column":2}}},"9":{"name":"(anonymous_17)","decl":{"start":{"line":63,"column":49},"end":{"line":63,"column":null}},"loc":{"start":{"line":63,"column":49},"end":{"line":75,"column":1}}},"10":{"name":"(anonymous_18)","decl":{"start":{"line":76,"column":34},"end":{"line":76,"column":41}},"loc":{"start":{"line":76,"column":73},"end":{"line":80,"column":2}}},"11":{"name":"(anonymous_19)","decl":{"start":{"line":76,"column":73},"end":{"line":76,"column":null}},"loc":{"start":{"line":76,"column":73},"end":{"line":80,"column":1}}}},"branchMap":{"0":{"loc":{"start":{"line":8,"column":4},"end":{"line":10,"column":5}},"type":"if","locations":[{"start":{"line":8,"column":4},"end":{"line":10,"column":5}}]},"1":{"loc":{"start":{"line":30,"column":2},"end":{"line":32,"column":3}},"type":"if","locations":[{"start":{"line":30,"column":2},"end":{"line":32,"column":3}}]},"2":{"loc":{"start":{"line":36,"column":2},"end":{"line":53,"column":3}},"type":"if","locations":[{"start":{"line":36,"column":2},"end":{"line":53,"column":3}},{"start":{"line":45,"column":9},"end":{"line":53,"column":3}}]},"3":{"loc":{"start":{"line":36,"column":6},"end":{"line":36,"column":34}},"type":"binary-expr","locations":[{"start":{"line":36,"column":6},"end":{"line":36,"column":17}},{"start":{"line":36,"column":21},"end":{"line":36,"column":34}}]},"4":{"loc":{"start":{"line":66,"column":4},"end":{"line":70,"column":5}},"type":"if","locations":[{"start":{"line":66,"column":4},"end":{"line":70,"column":5}},{"start":{"line":68,"column":11},"end":{"line":70,"column":5}}]}},"s":{"0":2,"1":2,"2":2,"3":1,"4":1,"5":1,"6":1,"7":0,"8":1,"9":0,"10":0,"11":2,"12":2,"13":2,"14":2,"15":2,"16":2,"17":0,"18":2,"19":2,"20":3,"21":3,"22":3,"23":1,"24":2,"25":2,"26":2,"27":2,"28":0,"29":0,"30":2,"31":2,"32":7,"33":7,"34":7,"35":2,"36":2,"37":0,"38":0,"39":0,"40":0,"41":0,"42":0,"43":0,"44":0,"45":2,"46":2,"47":1,"48":1,"49":1,"50":1,"51":2},"f":{"0":1,"1":1,"2":2,"3":2,"4":3,"5":3,"6":7,"7":7,"8":0,"9":0,"10":1,"11":1},"b":{"0":[0],"1":[1],"2":[2,0],"3":[2,0],"4":[0,0]}}
,"C:\\Users\\niyon\\Desktop\\eagles-ec-be-1\\src\\utils\\comparePassword.ts": {"path":"C:\\Users\\niyon\\Desktop\\eagles-ec-be-1\\src\\utils\\comparePassword.ts","statementMap":{"0":{"start":{"line":1,"column":0},"end":{"line":1,"column":28}},"1":{"start":{"line":2,"column":32},"end":{"line":4,"column":2}},"2":{"start":{"line":2,"column":106},"end":{"line":4,"column":2}},"3":{"start":{"line":3,"column":2},"end":{"line":3,"column":61}},"4":{"start":{"line":2,"column":13},"end":{"line":2,"column":32}}},"fnMap":{"0":{"name":"(anonymous_8)","decl":{"start":{"line":2,"column":32},"end":{"line":2,"column":39}},"loc":{"start":{"line":2,"column":106},"end":{"line":4,"column":2}}},"1":{"name":"(anonymous_9)","decl":{"start":{"line":2,"column":106},"end":{"line":2,"column":null}},"loc":{"start":{"line":2,"column":106},"end":{"line":4,"column":1}}}},"branchMap":{},"s":{"0":2,"1":2,"2":6,"3":6,"4":2},"f":{"0":6,"1":6},"b":{}}
,"C:\\Users\\niyon\\Desktop\\eagles-ec-be-1\\src\\utils\\env.ts": {"path":"C:\\Users\\niyon\\Desktop\\eagles-ec-be-1\\src\\utils\\env.ts","statementMap":{"0":{"start":{"line":1,"column":0},"end":{"line":1,"column":28}},"1":{"start":{"line":2,"column":0},"end":{"line":2,"column":16}},"2":{"start":{"line":4,"column":13},"end":{"line":13,"column":2}}},"fnMap":{},"branchMap":{"0":{"loc":{"start":{"line":5,"column":8},"end":{"line":5,"column":32}},"type":"binary-expr","locations":[{"start":{"line":5,"column":8},"end":{"line":5,"column":24}},{"start":{"line":5,"column":28},"end":{"line":5,"column":32}}]}},"s":{"0":2,"1":2,"2":2},"f":{},"b":{"0":[2,0]}}
,"C:\\Users\\niyon\\Desktop\\eagles-ec-be-1\\src\\utils\\hashPassword.ts": {"path":"C:\\Users\\niyon\\Desktop\\eagles-ec-be-1\\src\\utils\\hashPassword.ts","statementMap":{"0":{"start":{"line":1,"column":0},"end":{"line":1,"column":30}},"1":{"start":{"line":3,"column":30},"end":{"line":6,"column":2}},"2":{"start":{"line":3,"column":57},"end":{"line":6,"column":2}},"3":{"start":{"line":4,"column":19},"end":{"line":4,"column":50}},"4":{"start":{"line":5,"column":2},"end":{"line":5,"column":18}},"5":{"start":{"line":3,"column":13},"end":{"line":3,"column":30}}},"fnMap":{"0":{"name":"(anonymous_8)","decl":{"start":{"line":3,"column":30},"end":{"line":3,"column":37}},"loc":{"start":{"line":3,"column":57},"end":{"line":6,"column":2}}},"1":{"name":"(anonymous_9)","decl":{"start":{"line":3,"column":57},"end":{"line":3,"column":null}},"loc":{"start":{"line":3,"column":57},"end":{"line":6,"column":1}}}},"branchMap":{},"s":{"0":2,"1":2,"2":3,"3":3,"4":3,"5":2},"f":{"0":3,"1":3},"b":{}}
,"C:\\Users\\niyon\\Desktop\\eagles-ec-be-1\\src\\utils\\jsonwebtoken.ts": {"path":"C:\\Users\\niyon\\Desktop\\eagles-ec-be-1\\src\\utils\\jsonwebtoken.ts","statementMap":{"0":{"start":{"line":2,"column":0},"end":{"line":2,"column":35}},"1":{"start":{"line":3,"column":0},"end":{"line":3,"column":44}},"2":{"start":{"line":5,"column":29},"end":{"line":15,"column":2}},"3":{"start":{"line":5,"column":51},"end":{"line":15,"column":2}},"4":{"start":{"line":6,"column":22},"end":{"line":12,"column":null}},"5":{"start":{"line":14,"column":2},"end":{"line":14,"column":21}},"6":{"start":{"line":5,"column":13},"end":{"line":5,"column":29}},"7":{"start":{"line":17,"column":27},"end":{"line":20,"column":2}},"8":{"start":{"line":17,"column":51},"end":{"line":20,"column":2}},"9":{"start":{"line":18,"column":18},"end":{"line":18,"column":58}},"10":{"start":{"line":19,"column":2},"end":{"line":19,"column":17}},"11":{"start":{"line":17,"column":13},"end":{"line":17,"column":27}},"12":{"start":{"line":22,"column":38},"end":{"line":27,"column":2}},"13":{"start":{"line":22,"column":60},"end":{"line":27,"column":2}},"14":{"start":{"line":23,"column":16},"end":{"line":25,"column":4}},"15":{"start":{"line":26,"column":2},"end":{"line":26,"column":15}},"16":{"start":{"line":22,"column":13},"end":{"line":22,"column":38}},"17":{"start":{"line":29,"column":36},"end":{"line":36,"column":2}},"18":{"start":{"line":29,"column":60},"end":{"line":36,"column":2}},"19":{"start":{"line":30,"column":2},"end":{"line":35,"column":3}},"20":{"start":{"line":31,"column":20},"end":{"line":31,"column":54}},"21":{"start":{"line":32,"column":4},"end":{"line":32,"column":19}},"22":{"start":{"line":34,"column":4},"end":{"line":34,"column":35}},"23":{"start":{"line":29,"column":13},"end":{"line":29,"column":36}}},"fnMap":{"0":{"name":"(anonymous_7)","decl":{"start":{"line":5,"column":29},"end":{"line":5,"column":36}},"loc":{"start":{"line":5,"column":51},"end":{"line":15,"column":2}}},"1":{"name":"(anonymous_8)","decl":{"start":{"line":5,"column":51},"end":{"line":5,"column":null}},"loc":{"start":{"line":5,"column":51},"end":{"line":15,"column":1}}},"2":{"name":"(anonymous_9)","decl":{"start":{"line":17,"column":27},"end":{"line":17,"column":34}},"loc":{"start":{"line":17,"column":51},"end":{"line":20,"column":2}}},"3":{"name":"(anonymous_10)","decl":{"start":{"line":17,"column":51},"end":{"line":17,"column":null}},"loc":{"start":{"line":17,"column":51},"end":{"line":20,"column":1}}},"4":{"name":"(anonymous_11)","decl":{"start":{"line":22,"column":38},"end":{"line":22,"column":45}},"loc":{"start":{"line":22,"column":60},"end":{"line":27,"column":2}}},"5":{"name":"(anonymous_12)","decl":{"start":{"line":22,"column":60},"end":{"line":22,"column":null}},"loc":{"start":{"line":22,"column":60},"end":{"line":27,"column":1}}},"6":{"name":"(anonymous_13)","decl":{"start":{"line":29,"column":36},"end":{"line":29,"column":43}},"loc":{"start":{"line":29,"column":60},"end":{"line":36,"column":2}}},"7":{"name":"(anonymous_14)","decl":{"start":{"line":29,"column":60},"end":{"line":29,"column":null}},"loc":{"start":{"line":29,"column":60},"end":{"line":36,"column":1}}}},"branchMap":{},"s":{"0":2,"1":2,"2":2,"3":2,"4":2,"5":2,"6":2,"7":2,"8":4,"9":4,"10":4,"11":2,"12":2,"13":0,"14":0,"15":0,"16":2,"17":2,"18":0,"19":0,"20":0,"21":0,"22":0,"23":2},"f":{"0":2,"1":2,"2":4,"3":4,"4":0,"5":0,"6":0,"7":0},"b":{}}
,"C:\\Users\\niyon\\Desktop\\eagles-ec-be-1\\src\\utils\\server.ts": {"path":"C:\\Users\\niyon\\Desktop\\eagles-ec-be-1\\src\\utils\\server.ts","statementMap":{"0":{"start":{"line":1,"column":0},"end":{"line":1,"column":30}},"1":{"start":{"line":2,"column":0},"end":{"line":2,"column":24}},"2":{"start":{"line":3,"column":0},"end":{"line":3,"column":34}},"3":{"start":{"line":4,"column":0},"end":{"line":4,"column":45}},"4":{"start":{"line":5,"column":0},"end":{"line":5,"column":40}},"5":{"start":{"line":7,"column":12},"end":{"line":7,"column":21}},"6":{"start":{"line":9,"column":0},"end":{"line":9,"column":24}},"7":{"start":{"line":10,"column":0},"end":{"line":10,"column":48}},"8":{"start":{"line":12,"column":0},"end":{"line":12,"column":16}},"9":{"start":{"line":14,"column":0},"end":{"line":14,"column":24}},"10":{"start":{"line":15,"column":0},"end":{"line":15,"column":30}},"11":{"start":{"line":16,"column":0},"end":{"line":16,"column":28}},"12":{"start":{"line":18,"column":0},"end":{"line":18,"column":19}}},"fnMap":{},"branchMap":{},"s":{"0":2,"1":2,"2":2,"3":2,"4":2,"5":2,"6":2,"7":2,"8":2,"9":2,"10":2,"11":2,"12":2},"f":{},"b":{}}
,"C:\\Users\\niyon\\Desktop\\eagles-ec-be-1\\src\\utils\\transporter.ts": {"path":"C:\\Users\\niyon\\Desktop\\eagles-ec-be-1\\src\\utils\\transporter.ts","statementMap":{"0":{"start":{"line":1,"column":0},"end":{"line":1,"column":36}},"1":{"start":{"line":2,"column":0},"end":{"line":2,"column":35}},"2":{"start":{"line":4,"column":20},"end":{"line":12,"column":2}},"3":{"start":{"line":14,"column":0},"end":{"line":14,"column":27}}},"fnMap":{},"branchMap":{},"s":{"0":2,"1":2,"2":2,"3":2},"f":{},"b":{}}
}
