TN:
SF:src\types.ts
FN:12,(anonymous_0)
FN:19,(anonymous_1)
FNF:2
FNH:2
FNDA:2,(anonymous_0)
FNDA:2,(anonymous_1)
DA:12,2
DA:13,2
DA:14,2
DA:15,2
DA:16,2
DA:19,2
DA:20,2
DA:21,2
DA:22,2
LF:9
LH:9
BRDA:12,0,0,2
BRDA:12,0,1,2
BRDA:19,1,0,2
BRDA:19,1,1,2
BRF:4
BRH:4
end_of_record
TN:
SF:src\config\dbConnection.ts
FN:10,(anonymous_7)
FN:10,(anonymous_8)
FNF:2
FNH:2
FNDA:2,(anonymous_7)
FNDA:2,(anonymous_8)
DA:1,2
DA:2,2
DA:4,2
DA:6,2
DA:10,2
DA:11,2
DA:12,2
DA:13,2
DA:15,0
DA:16,0
DA:20,2
LF:11
LH:9
BRDA:6,0,0,2
BRDA:6,0,1,0
BRF:2
BRH:1
end_of_record
TN:
SF:src\controllers\userControllers.ts
FN:14,(anonymous_14)
FN:14,(anonymous_15)
FN:37,(anonymous_16)
FN:37,(anonymous_17)
FN:75,(anonymous_18)
FN:75,(anonymous_19)
FN:98,(anonymous_20)
FN:98,(anonymous_21)
FN:129,(anonymous_22)
FN:129,(anonymous_23)
FNF:10
FNH:8
FNDA:1,(anonymous_14)
FNDA:1,(anonymous_15)
FNDA:2,(anonymous_16)
FNDA:2,(anonymous_17)
FNDA:3,(anonymous_18)
FNDA:3,(anonymous_19)
FNDA:3,(anonymous_20)
FNDA:3,(anonymous_21)
FNDA:0,(anonymous_22)
FNDA:0,(anonymous_23)
DA:2,2
DA:3,2
DA:4,2
DA:5,2
DA:6,2
DA:7,2
DA:8,2
DA:9,2
DA:10,2
DA:11,2
DA:12,2
DA:14,2
DA:15,1
DA:16,1
DA:18,1
DA:19,0
DA:23,1
DA:30,0
DA:37,2
DA:38,2
DA:39,2
DA:41,2
DA:42,0
DA:47,2
DA:48,2
DA:49,2
DA:50,1
DA:55,1
DA:56,0
DA:58,0
DA:59,0
DA:60,0
DA:65,1
DA:75,3
DA:76,3
DA:77,3
DA:78,3
DA:79,3
DA:80,1
DA:85,2
DA:91,0
DA:92,0
DA:94,0
DA:98,3
DA:99,3
DA:100,3
DA:102,3
DA:103,3
DA:104,0
DA:106,3
DA:107,3
DA:108,1
DA:111,2
DA:112,1
DA:115,1
DA:116,0
DA:119,1
DA:120,1
DA:121,1
DA:123,0
DA:129,2
DA:130,0
DA:132,0
DA:133,0
DA:134,0
DA:135,0
DA:137,0
DA:138,0
DA:139,0
DA:144,0
DA:146,0
DA:147,0
DA:149,0
DA:151,0
DA:157,0
DA:162,0
LF:76
LH:48
BRDA:18,0,0,0
BRDA:18,0,1,1
BRDA:41,1,0,0
BRDA:41,1,1,2
BRDA:41,2,0,2
BRDA:41,2,1,2
BRDA:49,3,0,1
BRDA:49,3,1,1
BRDA:55,4,0,0
BRDA:55,4,1,1
BRDA:79,5,0,1
BRDA:79,6,0,3
BRDA:79,6,1,2
BRDA:91,7,0,0
BRDA:91,8,0,0
BRDA:91,8,1,0
BRDA:103,9,0,0
BRDA:107,10,0,1
BRDA:111,11,0,1
BRDA:115,12,0,0
BRDA:133,13,0,0
BRDA:133,13,1,0
BRDA:133,14,0,0
BRDA:133,14,1,0
BRDA:137,15,0,0
BRDA:146,16,0,0
BRDA:146,16,1,0
BRF:27
BRH:12
end_of_record
TN:
SF:src\docs\swagger.ts
FNF:0
FNH:0
DA:1,2
DA:2,2
DA:3,2
DA:4,2
DA:6,2
DA:8,2
DA:72,2
DA:74,2
LF:8
LH:8
BRF:0
BRH:0
end_of_record
TN:
SF:src\docs\users.ts
FNF:0
FNH:0
DA:1,2
DA:20,2
DA:35,2
DA:47,2
DA:67,2
DA:97,2
DA:129,2
DA:152,2
LF:8
LH:8
BRF:0
BRH:0
end_of_record
TN:
SF:src\email-templates\verifyotp.ts
FN:1,(anonymous_0)
FNF:1
FNH:0
FNDA:0,(anonymous_0)
DA:1,2
DA:2,0
LF:2
LH:1
BRF:0
BRH:0
end_of_record
TN:
SF:src\middleware\validator.ts
FN:5,(anonymous_1)
FN:26,(anonymous_2)
FN:27,(anonymous_3)
FNF:3
FNH:3
FNDA:4,(anonymous_1)
FNDA:4,(anonymous_2)
FNDA:8,(anonymous_3)
DA:2,2
DA:5,2
DA:6,4
DA:8,4
DA:9,0
DA:15,4
DA:16,4
DA:17,4
DA:19,0
DA:26,2
DA:27,4
DA:28,8
DA:29,8
DA:30,2
DA:32,6
LF:15
LH:13
BRDA:8,0,0,0
BRDA:16,1,0,4
BRDA:16,1,1,0
BRDA:29,2,0,2
BRF:4
BRH:2
end_of_record
TN:
SF:src\middlewares\isLoggedIn.ts
FN:5,(anonymous_7)
FN:5,(anonymous_8)
FNF:2
FNH:2
FNDA:5,(anonymous_7)
FNDA:5,(anonymous_8)
DA:1,2
DA:3,2
DA:5,5
DA:6,5
DA:7,5
DA:8,5
DA:12,4
DA:14,5
DA:15,1
DA:20,4
DA:21,0
DA:23,4
DA:24,4
DA:25,4
DA:26,0
DA:32,4
DA:33,4
DA:35,0
LF:18
LH:15
BRDA:8,0,0,4
BRDA:9,1,0,5
BRDA:9,1,1,4
BRDA:14,2,0,1
BRDA:20,3,0,0
BRDA:25,4,0,0
BRF:6
BRH:4
end_of_record
TN:
SF:src\middlewares\isTokenFound.ts
FN:4,(anonymous_8)
FN:4,(anonymous_9)
FNF:2
FNH:0
FNDA:0,(anonymous_8)
FNDA:0,(anonymous_9)
DA:2,2
DA:4,2
DA:5,0
DA:6,0
DA:7,0
DA:9,0
DA:10,0
DA:11,0
DA:13,0
DA:18,0
LF:10
LH:2
BRDA:9,0,0,0
BRDA:9,0,1,0
BRF:2
BRH:0
end_of_record
TN:
SF:src\routes\homeRoutes.ts
FN:6,(anonymous_0)
FNF:1
FNH:1
FNDA:1,(anonymous_0)
DA:1,2
DA:4,2
DA:6,2
DA:7,1
DA:8,1
DA:12,0
DA:19,2
LF:7
LH:6
BRF:0
BRH:0
end_of_record
TN:
SF:src\routes\index.ts
FNF:0
FNH:0
DA:1,2
DA:2,2
DA:4,2
DA:6,2
DA:8,2
LF:5
LH:5
BRF:0
BRH:0
end_of_record
TN:
SF:src\routes\userRoutes.ts
FNF:0
FNH:0
DA:1,2
DA:2,2
DA:3,2
DA:4,2
DA:5,2
DA:6,2
DA:7,2
DA:9,2
DA:11,2
DA:12,2
DA:13,2
DA:14,2
DA:15,2
DA:17,2
LF:14
LH:14
BRF:0
BRH:0
end_of_record
TN:
SF:src\schemas\passwordUpdate.ts
FNF:0
FNH:0
DA:1,2
DA:3,2
LF:2
LH:2
BRF:0
BRH:0
end_of_record
TN:
SF:src\schemas\signUpSchema.ts
FNF:0
FNH:0
DA:1,2
DA:3,2
DA:11,2
LF:3
LH:3
BRF:0
BRH:0
end_of_record
TN:
SF:src\sequelize\models\Token.ts
FNF:0
FNH:0
DA:1,2
DA:2,2
DA:18,2
DA:44,2
LF:4
LH:4
BRF:0
BRH:0
end_of_record
TN:
SF:src\sequelize\models\users.ts
FNF:0
FNH:0
DA:1,2
DA:2,2
DA:26,2
DA:69,2
LF:4
LH:4
BRF:0
BRH:0
end_of_record
TN:
SF:src\services\mail.service.ts
FN:8,(anonymous_8)
FN:8,(anonymous_9)
FNF:2
FNH:0
FNDA:0,(anonymous_8)
FNDA:0,(anonymous_9)
DA:3,2
DA:5,2
DA:8,2
DA:9,0
DA:10,0
DA:17,0
DA:19,0
DA:21,0
LF:8
LH:3
BRF:0
BRH:0
end_of_record
TN:
SF:src\services\user.service.ts
FN:5,(anonymous_8)
FN:5,(anonymous_9)
FN:18,(anonymous_10)
FN:18,(anonymous_11)
FN:28,(anonymous_12)
FN:28,(anonymous_13)
FN:56,(anonymous_14)
FN:56,(anonymous_15)
FN:63,(anonymous_16)
FN:63,(anonymous_17)
FN:76,(anonymous_18)
FN:76,(anonymous_19)
FNF:12
FNH:10
FNDA:1,(anonymous_8)
FNDA:1,(anonymous_9)
FNDA:2,(anonymous_10)
FNDA:2,(anonymous_11)
FNDA:3,(anonymous_12)
FNDA:3,(anonymous_13)
FNDA:7,(anonymous_14)
FNDA:7,(anonymous_15)
FNDA:0,(anonymous_16)
FNDA:0,(anonymous_17)
FNDA:1,(anonymous_18)
FNDA:1,(anonymous_19)
DA:1,2
DA:2,2
DA:5,2
DA:6,1
DA:7,1
DA:8,1
DA:9,0
DA:11,1
DA:13,0
DA:14,0
DA:18,2
DA:19,2
DA:20,2
DA:23,2
DA:25,0
DA:28,3
DA:29,3
DA:30,3
DA:31,1
DA:33,2
DA:36,2
DA:37,2
DA:44,2
DA:46,0
DA:52,0
DA:56,7
DA:57,7
DA:60,7
DA:63,2
DA:64,0
DA:65,0
DA:66,0
DA:67,0
DA:69,0
DA:72,0
DA:73,0
DA:76,2
DA:77,1
DA:78,1
DA:79,1
LF:40
LH:27
BRDA:8,0,0,0
BRDA:30,1,0,1
BRDA:36,2,0,2
BRDA:36,2,1,0
BRDA:36,3,0,2
BRDA:36,3,1,0
BRDA:66,4,0,0
BRDA:66,4,1,0
BRF:8
BRH:3
end_of_record
TN:
SF:src\utils\comparePassword.ts
FN:2,(anonymous_8)
FN:2,(anonymous_9)
FNF:2
FNH:2
FNDA:6,(anonymous_8)
FNDA:6,(anonymous_9)
DA:1,2
DA:2,6
DA:3,6
LF:3
LH:3
BRF:0
BRH:0
end_of_record
TN:
SF:src\utils\env.ts
FNF:0
FNH:0
DA:1,2
DA:2,2
DA:4,2
LF:3
LH:3
BRDA:5,0,0,2
BRDA:5,0,1,0
BRF:2
BRH:1
end_of_record
TN:
SF:src\utils\hashPassword.ts
FN:3,(anonymous_8)
FN:3,(anonymous_9)
FNF:2
FNH:2
FNDA:3,(anonymous_8)
FNDA:3,(anonymous_9)
DA:1,2
DA:3,3
DA:4,3
DA:5,3
LF:4
LH:4
BRF:0
BRH:0
end_of_record
TN:
SF:src\utils\jsonwebtoken.ts
FN:5,(anonymous_7)
FN:5,(anonymous_8)
FN:17,(anonymous_9)
FN:17,(anonymous_10)
FN:22,(anonymous_11)
FN:22,(anonymous_12)
FN:29,(anonymous_13)
FN:29,(anonymous_14)
FNF:8
FNH:4
FNDA:2,(anonymous_7)
FNDA:2,(anonymous_8)
FNDA:4,(anonymous_9)
FNDA:4,(anonymous_10)
FNDA:0,(anonymous_11)
FNDA:0,(anonymous_12)
FNDA:0,(anonymous_13)
FNDA:0,(anonymous_14)
DA:2,2
DA:3,2
DA:5,2
DA:6,2
DA:14,2
DA:17,4
DA:18,4
DA:19,4
DA:22,2
DA:23,0
DA:26,0
DA:29,2
DA:30,0
DA:31,0
DA:32,0
DA:34,0
LF:16
LH:10
BRF:0
BRH:0
end_of_record
TN:
SF:src\utils\server.ts
FNF:0
FNH:0
DA:1,2
DA:2,2
DA:3,2
DA:4,2
DA:5,2
DA:7,2
DA:9,2
DA:10,2
DA:12,2
DA:14,2
DA:15,2
DA:16,2
DA:18,2
LF:13
LH:13
BRF:0
BRH:0
end_of_record
TN:
SF:src\utils\transporter.ts
FNF:0
FNH:0
DA:1,2
DA:2,2
DA:4,2
DA:14,2
LF:4
LH:4
BRF:0
BRH:0
end_of_record
